app/mappings/seeds.txt
made.dicoding.moviecatalogueapps.presentation.home.tvshow.TvShowFragment
made.dicoding.moviecatalogueapps.presentation.detail.DetailMovieViewModel
made.dicoding.moviecatalogueapps.presentation.home.movies.MoviesFragment
made.dicoding.moviecatalogueapps.core.data.remote.network.TrendingApi
made.dicoding.moviecatalogueapps.presentation.splash.SplashScreenActivity
made.dicoding.moviecatalogueapps.core.database.converter.Converters$jsonToListCompanies$listType$1
made.dicoding.moviecatalogueapps.favorite.presentation.favorite.FavoriteActivity
made.dicoding.moviecatalogueapps.core.database.MovieDatabase
made.dicoding.moviecatalogueapps.favorite.presentation.favorite.movies.MoviesFavoriteFragment
made.dicoding.moviecatalogueapps.di.AppComponent
made.dicoding.moviecatalogueapps.presentation.home.HomeViewModel
made.dicoding.moviecatalogueapps.presentation.home.tvshow.TvShowFragment_GeneratedInjector
made.dicoding.moviecatalogueapps.presentation.detail.DetailMovieActivity_GeneratedInjector
made.dicoding.moviecatalogueapps.core.database.MovieDatabase_Impl
made.dicoding.moviecatalogueapps.presentation.detail.DetailMovieActivity
made.dicoding.moviecatalogueapps.BaseApplication
made.dicoding.moviecatalogueapps.presentation.home.HomeActivity
made.dicoding.moviecatalogueapps.core.data.remote.network.DetailMoviesApi
made.dicoding.moviecatalogueapps.favorite.presentation.favorite.tvshows.TvShowsFavoriteFragment
made.dicoding.moviecatalogueapps.core.database.converter.Converters$jsonToListGenres$listType$1
made.dicoding.moviecatalogueapps.presentation.home.HomeActivity_GeneratedInjector
made.dicoding.moviecatalogueapps.presentation.home.movies.MoviesFragment_GeneratedInjector
made.dicoding.moviecatalogueapps.core.component.ErrorState
made.dicoding.moviecatalogueapps.BaseApplication_GeneratedInjector
made.dicoding.moviecatalogueapps.core.data.remote.network.dto.DetailTvShowsResponse: java.util.ArrayList productionCountries
made.dicoding.moviecatalogueapps.core.data.remote.network.dto.DetailTvShowsResponse: java.lang.String overview
made.dicoding.moviecatalogueapps.core.data.remote.network.dto.TrendingMovieResponse: java.util.List results
made.dicoding.moviecatalogueapps.core.data.remote.network.dto.DetailMoviesResponse: java.lang.String originalLanguage
made.dicoding.moviecatalogueapps.core.data.remote.network.dto.GenresDto: java.lang.Integer id
made.dicoding.moviecatalogueapps.core.data.remote.network.dto.ResultsMovieResponse: java.lang.Double voteAverage
made.dicoding.moviecatalogueapps.core.data.remote.network.dto.ProductionCountries: java.lang.String name
made.dicoding.moviecatalogueapps.core.data.remote.network.dto.DetailMoviesResponse: java.lang.String releaseDate
made.dicoding.moviecatalogueapps.core.data.remote.network.dto.DetailTvShowsResponse: java.util.ArrayList productionCompanies
made.dicoding.moviecatalogueapps.core.data.remote.network.dto.ResultsTvResponse: java.lang.String originalLanguage
made.dicoding.moviecatalogueapps.core.data.remote.network.dto.ResultsTvResponse: java.lang.Integer id
made.dicoding.moviecatalogueapps.core.data.remote.network.dto.DetailMoviesResponse: java.lang.Double voteAverage
made.dicoding.moviecatalogueapps.core.data.remote.network.dto.DetailTvShowsResponse: java.lang.String name
made.dicoding.moviecatalogueapps.core.data.remote.network.dto.GenresDto: java.lang.String name
made.dicoding.moviecatalogueapps.core.data.remote.network.dto.DetailTvShowsResponse: java.lang.String posterPath
made.dicoding.moviecatalogueapps.core.data.remote.network.dto.DetailMoviesResponse: java.lang.String overview
made.dicoding.moviecatalogueapps.core.data.remote.network.dto.ProductionCompanies: java.lang.String name
made.dicoding.moviecatalogueapps.core.data.remote.network.dto.ResultsMovieResponse: java.lang.String overview
made.dicoding.moviecatalogueapps.core.data.remote.network.dto.DetailTvShowsResponse: java.lang.Integer id
...
com.facebook.flipper.plugins.network.BuildConfig: java.lang.String BUILD_TYPE
com.facebook.flipper.plugins.leakcanary2.R$style: int Base_TextAppearance_AppCompat_Widget_ActionBar_Title
com.facebook.flipper.plugins.leakcanary2.R$attr: int textAppearanceSmallPopupMenu
com.facebook.flipper.plugins.network.R$attr: int preserveIconSpacing
com.facebook.flipper.plugins.databases.DatabasesManager$GetTableDataRequest: int databaseId
com.facebook.flipper.plugins.network.R$drawable: int abc_scrubber_track_mtrl_alpha
net.sqlcipher.database.SQLiteQueryStats: long totalQueryResultSize
net.sqlcipher.database.SQLiteOpenHelper: boolean mDeferSetWriteAheadLoggingEnabled
com.facebook.flipper.plugins.leakcanary2.R$styleable: int GradientColorItem_android_color
net.sqlcipher.database.SQLiteDatabase$SyncUpdateInfo: java.lang.String masterTable
com.facebook.flipper.plugins.databases.DatabaseDriver$DatabaseGetTableDataResponse: java.lang.Integer count
com.facebook.flipper.R$styleable: int AlertDialog_listItemLayout
com.facebook.flipper.plugins.network.R$id: int scrollIndicatorUp
com.facebook.flipper.plugins.network.R$id: int search_go_btn
com.facebook.flipper.plugins.leakcanary2.R$string: int abc_search_hint
com.facebook.flipper.plugins.network.R$drawable: int abc_edit_text_material
com.facebook.flipper.plugins.leakcanary2.R$id: int uniform
com.facebook.flipper.plugins.leakcanary2.R$id: int icon_group
com.facebook.flipper.R$string: int abc_action_bar_home_description
com.facebook.flipper.plugins.leakcanary2.R$style: int Base_Widget_AppCompat_Light_ActionBar
com.facebook.flipper.plugins.leakcanary2.R$attr: int buttonStyleSmall
com.facebook.flipper.R$id: int accessibility_custom_action_17
com.facebook.flipper.plugins.network.R$drawable: int notification_bg_low_pressed
com.facebook.flipper.plugins.leakcanary2.R$attr: int switchStyle
com.facebook.flipper.R$styleable: int AppCompatTheme_controlBackground
com.facebook.flipper.plugins.leakcanary2.R$layout: int abc_activity_chooser_view
com.facebook.flipper.R$attr: int actionLayout
com.facebook.flipper.R$style: int Base_Widget_AppCompat_ProgressBar_Horizontal
com.facebook.flipper.plugins.network.R$integer: int abc_config_activityShortDur
com.facebook.flipper.R$drawable: int abc_list_divider_mtrl_alpha
com.facebook.flipper.plugins.network.R$drawable: int abc_text_cursor_material
com.facebook.flipper.plugins.leakcanary2.R$styleable: int ActionBar_progressBarPadding
androidx.lifecycle.Lifecycle$Event: androidx.lifecycle.Lifecycle$Event ON_START
com.facebook.flipper.plugins.network.R$id: int blocking
com.facebook.flipper.plugins.leakcanary2.R$string: int leak_canary_help_title
com.facebook.flipper.R$style: int Base_Widget_AppCompat_DrawerArrowToggle_Common
com.facebook.flipper.R$color: int material_grey_600
com.facebook.flipper.plugins.leakcanary2.R$style: int Base_Widget_AppCompat_ActionBar_TabText
com.facebook.flipper.plugins.inspector.descriptors.ViewDescriptor: com.facebook.flipper.plugins.inspector.descriptors.utils.EnumMapping sTextDirectionMapping
com.facebook.flipper.R$styleable: int AppCompatTextView_fontVariationSettings
com.facebook.flipper.plugins.leakcanary2.R$attr: int dialogTheme
com.facebook.flipper.plugins.leakcanary2.R$styleable: int AppCompatTextHelper_android_drawableLeft
com.facebook.flipper.R$dimen: int notification_large_icon_height
com.facebook.flipper.R$id: int tag_unhandled_key_listeners
com.facebook.flipper.plugins.leakcanary2.R$styleable: int AppCompatTheme_panelBackground
com.facebook.flipper.R$drawable: int abc_ic_menu_paste_mtrl_am_alpha
com.facebook.flipper.plugins.network.R$style: int Base_TextAppearance_AppCompat_Widget_Button
com.facebook.flipper.R$dimen: int abc_button_padding_horizontal_material
com.facebook.flipper.plugins.leakcanary2.Element: java.lang.String name
com.facebook.flipper.R$dimen: int abc_alert_dialog_button_bar_height