app/mappings/mapping.txt
# compiler: R8
# compiler_version: 3.1.66
# min_api: 24
# pg_map_id: d0da02c
# common_typos_disable
# {"id":"com.android.tools.r8.mapping","version":"1.0"}
made.dicoding.moviecatalogueapps.BaseApplication -> made.dicoding.moviecatalogueapps.BaseApplication:
# {"id":"sourceFile","fileName":"BaseApplication.kt"}
    com.facebook.flipper.plugins.network.NetworkFlipperPlugin networkFlipperPlugin -> g
    18:18:void <init>() -> <init>
    19:19:com.facebook.flipper.plugins.network.NetworkFlipperPlugin getNetworkFlipperPlugin() -> c
    22:40:void onCreate() -> onCreate
made.dicoding.moviecatalogueapps.BaseApplication_GeneratedInjector -> q6.a:
    void injectBaseApplication(made.dicoding.moviecatalogueapps.BaseApplication) -> a
made.dicoding.moviecatalogueapps.BaseApplication_HiltComponents$ActivityC -> q6.b:
    198:198:void <init>() -> <init>
made.dicoding.moviecatalogueapps.BaseApplication_HiltComponents$ActivityRetainedC -> q6.c:
    179:179:void <init>() -> <init>
made.dicoding.moviecatalogueapps.BaseApplication_HiltComponents$FragmentC -> q6.d:
    243:243:void <init>() -> <init>
made.dicoding.moviecatalogueapps.BaseApplication_HiltComponents$SingletonC -> q6.e:
    151:151:void <init>() -> <init>
made.dicoding.moviecatalogueapps.BaseApplication_HiltComponents$ViewModelC -> q6.f:
    219:219:void <init>() -> <init>
made.dicoding.moviecatalogueapps.BaseApplication_MembersInjector -> q6.g:
    40:41:void injectNetworkFlipperPlugin(made.dicoding.moviecatalogueapps.BaseApplication,com.facebook.flipper.plugins.network.NetworkFlipperPlugin) -> a
made.dicoding.moviecatalogueapps.BuildConfig -> q6.h:
    boolean DEBUG -> a
    7:7:void <clinit>() -> <clinit>
made.dicoding.moviecatalogueapps.DaggerBaseApplication_HiltComponents_SingletonC -> q6.j:
    made.dicoding.moviecatalogueapps.core.di.ServiceModule serviceModule -> c
    dagger.hilt.android.internal.modules.ApplicationContextModule applicationContextModule -> e
    made.dicoding.moviecatalogueapps.DaggerBaseApplication_HiltComponents_SingletonC singletonC -> f
    made.dicoding.moviecatalogueapps.core.di.NetworkModule networkModule -> a
    made.dicoding.moviecatalogueapps.di.AppModule appModule -> b
    javax.inject.Provider provideFavoriteUseCaseProvider -> h
    javax.inject.Provider provideFavoriteServiceProvider -> g
    made.dicoding.moviecatalogueapps.core.di.DatabaseModule databaseModule -> d
    javax.inject.Provider provideMoviesUseCaseProvider -> j
    javax.inject.Provider provideMovieUseCaseProvider -> i
    void <init>(made.dicoding.moviecatalogueapps.di.AppModule,dagger.hilt.android.internal.modules.ApplicationContextModule,made.dicoding.moviecatalogueapps.core.di.DatabaseModule,made.dicoding.moviecatalogueapps.core.di.NetworkModule,made.dicoding.moviecatalogueapps.core.di.ServiceModule,made.dicoding.moviecatalogueapps.DaggerBaseApplication_HiltComponents_SingletonC-IA) -> <init>
      # {"id":"com.android.tools.r8.synthesized"}
...
androidx.lifecycle.BlockRunner$cancel$1 -> androidx.lifecycle.c$a:
# {"id":"sourceFile","fileName":"CoroutineLiveData.kt"}
    int label -> j
    androidx.lifecycle.BlockRunner this$0 -> k
    java.lang.Object invoke(kotlinx.coroutines.CoroutineScope,kotlin.coroutines.Continuation) -> A
    java.lang.Object invoke(java.lang.Object,java.lang.Object) -> m
    kotlin.coroutines.Continuation create(java.lang.Object,kotlin.coroutines.Continuation) -> o
    186:194:java.lang.Object invokeSuspend(java.lang.Object) -> x
androidx.lifecycle.BlockRunner$maybeRun$1 -> androidx.lifecycle.c$b:
# {"id":"sourceFile","fileName":"CoroutineLiveData.kt"}
    java.lang.Object L$0 -> k
    int label -> j
    androidx.lifecycle.BlockRunner this$0 -> l
    java.lang.Object invoke(kotlinx.coroutines.CoroutineScope,kotlin.coroutines.Continuation) -> A
    java.lang.Object invoke(java.lang.Object,java.lang.Object) -> m
    kotlin.coroutines.Continuation create(java.lang.Object,kotlin.coroutines.Continuation) -> o
    174:178:java.lang.Object invokeSuspend(java.lang.Object) -> x
androidx.lifecycle.ClassesInfoCache -> androidx.lifecycle.d:
    java.util.Map mCallbackMap -> a
    java.util.Map mHasLifecycleMethods -> b
    androidx.lifecycle.ClassesInfoCache sInstance -> c
    39:39:void <clinit>() -> <clinit>
    37:46:void <init>() -> <init>
    109:165:androidx.lifecycle.ClassesInfoCache$CallbackInfo createInfo(java.lang.Class,java.lang.reflect.Method[]) -> a
    74:76:java.lang.reflect.Method[] getDeclaredMethods(java.lang.Class) -> b
    85:90:androidx.lifecycle.ClassesInfoCache$CallbackInfo getInfo(java.lang.Class) -> c
    49:69:boolean hasLifecycleMethods(java.lang.Class) -> d
    95:106:void verifyAndPutHandler(java.util.Map,androidx.lifecycle.ClassesInfoCache$MethodReference,androidx.lifecycle.Lifecycle$Event,java.lang.Class) -> e
androidx.lifecycle.ClassesInfoCache$CallbackInfo -> androidx.lifecycle.d$a:
    java.util.Map mEventToHandlers -> a
    java.util.Map mHandlerToEvent -> b
    174:186:void <init>(java.util.Map) -> <init>
    190:193:void invokeCallbacks(androidx.lifecycle.LifecycleOwner,androidx.lifecycle.Lifecycle$Event,java.lang.Object) -> a
    197:202:void invokeMethodsForEvent(java.util.List,androidx.lifecycle.LifecycleOwner,androidx.lifecycle.Lifecycle$Event,java.lang.Object) -> b
androidx.lifecycle.ClassesInfoCache$MethodReference -> androidx.lifecycle.d$b:
    int mCallType -> a
    java.lang.reflect.Method mMethod -> b
    211:215:void <init>(int,java.lang.reflect.Method) -> <init>
    220:236:void invokeCallback(androidx.lifecycle.LifecycleOwner,androidx.lifecycle.Lifecycle$Event,java.lang.Object) -> a
    240:248:boolean equals(java.lang.Object) -> equals
    253:253:int hashCode() -> hashCode
androidx.lifecycle.CloseableCoroutineScope -> androidx.lifecycle.e:
# {"id":"sourceFile","fileName":"ViewModel.kt"}
    kotlin.coroutines.CoroutineContext coroutineContext -> f
    47:48:void <init>(kotlin.coroutines.CoroutineContext) -> <init>
    48:48:kotlin.coroutines.CoroutineContext getCoroutineContext() -> D
    51:52:void close() -> close
androidx.lifecycle.CompositeGeneratedAdaptersObserver -> androidx.lifecycle.CompositeGeneratedAdaptersObserver:
    androidx.lifecycle.GeneratedAdapter[] mGeneratedAdapters -> f
    26:28:void <init>(androidx.lifecycle.GeneratedAdapter[]) -> <init>
    32:39:void onStateChanged(androidx.lifecycle.LifecycleOwner,androidx.lifecycle.Lifecycle$Event) -> g