app/mappings/usage.txt
made.dicoding.moviecatalogueapps.BaseApplication:
    public final void setNetworkFlipperPlugin(com.facebook.flipper.plugins.network.NetworkFlipperPlugin)
made.dicoding.moviecatalogueapps.BaseApplication_ComponentTreeDeps
made.dicoding.moviecatalogueapps.BaseApplication_HiltComponents$ActivityC$Builder
made.dicoding.moviecatalogueapps.BaseApplication_HiltComponents$ActivityCBuilderModule
made.dicoding.moviecatalogueapps.BaseApplication_HiltComponents$ActivityRetainedC$Builder
made.dicoding.moviecatalogueapps.BaseApplication_HiltComponents$ActivityRetainedCBuilderModule
made.dicoding.moviecatalogueapps.BaseApplication_HiltComponents$FragmentC$Builder
made.dicoding.moviecatalogueapps.BaseApplication_HiltComponents$FragmentCBuilderModule
made.dicoding.moviecatalogueapps.BaseApplication_HiltComponents$ServiceC$Builder
made.dicoding.moviecatalogueapps.BaseApplication_HiltComponents$ServiceC
made.dicoding.moviecatalogueapps.BaseApplication_HiltComponents$ServiceCBuilderModule
made.dicoding.moviecatalogueapps.BaseApplication_HiltComponents$ViewC$Builder
made.dicoding.moviecatalogueapps.BaseApplication_HiltComponents$ViewC
made.dicoding.moviecatalogueapps.BaseApplication_HiltComponents$ViewCBuilderModule
made.dicoding.moviecatalogueapps.BaseApplication_HiltComponents$ViewModelC$Builder
made.dicoding.moviecatalogueapps.BaseApplication_HiltComponents$ViewModelCBuilderModule
made.dicoding.moviecatalogueapps.BaseApplication_HiltComponents$ViewWithFragmentC$Builder
made.dicoding.moviecatalogueapps.BaseApplication_HiltComponents$ViewWithFragmentC
made.dicoding.moviecatalogueapps.BaseApplication_HiltComponents$ViewWithFragmentCBuilderModule
made.dicoding.moviecatalogueapps.BaseApplication_HiltComponents
made.dicoding.moviecatalogueapps.BaseApplication_MembersInjector:
    private final javax.inject.Provider networkFlipperPluginProvider
    public void <init>(javax.inject.Provider)
    public static dagger.MembersInjector create(javax.inject.Provider)
    public synthetic bridge void injectMembers(java.lang.Object)
    public void injectMembers(made.dicoding.moviecatalogueapps.BaseApplication)
made.dicoding.moviecatalogueapps.BuildConfig:
    public static final java.lang.String APPLICATION_ID
    public static final java.lang.String BUILD_TYPE
    public static final int VERSION_CODE
    public static final java.lang.String VERSION_NAME
    public void <init>()
made.dicoding.moviecatalogueapps.DaggerBaseApplication_HiltComponents_SingletonC$ActivityCImpl:
    public dagger.hilt.android.internal.builders.ViewModelComponentBuilder getViewModelComponentBuilder()
    public dagger.hilt.android.internal.builders.ViewComponentBuilder viewComponentBuilder()
made.dicoding.moviecatalogueapps.DaggerBaseApplication_HiltComponents_SingletonC$Builder:
    public made.dicoding.moviecatalogueapps.DaggerBaseApplication_HiltComponents_SingletonC$Builder appModule(made.dicoding.moviecatalogueapps.di.AppModule)
    public made.dicoding.moviecatalogueapps.DaggerBaseApplication_HiltComponents_SingletonC$Builder databaseModule(made.dicoding.moviecatalogueapps.core.di.DatabaseModule)
    public made.dicoding.moviecatalogueapps.DaggerBaseApplication_HiltComponents_SingletonC$Builder hiltWrapper_FragmentGetContextFix_FragmentGetContextFixModule(dagger.hilt.android.flags.HiltWrapper_FragmentGetContextFix_FragmentGetContextFixModule)
    public made.dicoding.moviecatalogueapps.DaggerBaseApplication_HiltComponents_SingletonC$Builder networkModule(made.dicoding.moviecatalogueapps.core.di.NetworkModule)
    public made.dicoding.moviecatalogueapps.DaggerBaseApplication_HiltComponents_SingletonC$Builder serviceModule(made.dicoding.moviecatalogueapps.core.di.ServiceModule)
made.dicoding.moviecatalogueapps.DaggerBaseApplication_HiltComponents_SingletonC$FragmentCImpl:
    public dagger.hilt.android.internal.builders.ViewWithFragmentComponentBuilder viewWithFragmentComponentBuilder()
...
leakcanary.internal.InternalLeakCanary$onDumpHeapReceived$1
leakcanary.internal.InternalLeakCanary$scheduleRetainedObjectCheck$1
leakcanary.internal.LeakCanaryDelegate:
    public static synthetic void getLoadLeakCanary$annotations()
leakcanary.internal.LeakCanaryFileProvider:
    private static final java.lang.String ATTR_NAME
    private static final java.lang.String ATTR_PATH
    private static final java.lang.String META_DATA_FILE_PROVIDER_PATHS
    private static final java.lang.String TAG_CACHE_PATH
    private static final java.lang.String TAG_EXTERNAL
    private static final java.lang.String TAG_EXTERNAL_CACHE
    private static final java.lang.String TAG_EXTERNAL_FILES
    private static final java.lang.String TAG_EXTERNAL_MEDIA
    private static final java.lang.String TAG_FILES_PATH
    private static final java.lang.String TAG_ROOT_PATH
leakcanary.internal.LeakCanarySingleThreadFactory
leakcanary.internal.LeakDirectoryProvider:
    private static final java.lang.String HPROF_SUFFIX
leakcanary.internal.NotificationTypeKt
leakcanary.internal.ObjectsKt:
    public static final synthetic java.lang.Object noOpDelegate()
leakcanary.internal.RemoteHeapAnalyzerWorker$startRemoteWork$1$doneEvent$1
leakcanary.internal.RemoteHeapAnalyzerWorker$startRemoteWork$1$doneEvent$2
leakcanary.internal.RemoteHeapAnalyzerWorker$startRemoteWork$1
leakcanary.internal.RemoteHeapAnalyzerWorker:
    public void <init>(android.content.Context,androidx.work.WorkerParameters)
    public com.google.common.util.concurrent.ListenableFuture getForegroundInfoAsync()
    public com.google.common.util.concurrent.ListenableFuture startRemoteWork()
leakcanary.internal.RetainInstanceEvent$CountChanged
leakcanary.internal.Serializables:
    public final synthetic java.lang.Object fromByteArray(byte[])
leakcanary.internal.TimingKt
leakcanary.internal.activity.LeakActivity:
    private static final int FILE_REQUEST_CODE
leakcanary.internal.activity.LeakViewsKt:
    private static final java.lang.String NEW_ISSUE_URL
    private static final java.lang.String STACKOVERFLOW_QUESTION_URL
leakcanary.internal.activity.db.CursorsKt:
    public static final java.lang.Object inTransaction(android.database.sqlite.SQLiteDatabase,kotlin.jvm.functions.Function1)
    public static final java.lang.Object use(android.database.Cursor,kotlin.jvm.functions.Function1)
leakcanary.internal.activity.db.Db$DbContext:
    public final void setUpdateUi(kotlin.jvm.functions.Function1)
leakcanary.internal.activity.db.HeapAnalysisTable:
    public static final java.lang.String create
    public static final java.lang.String drop
    public final synthetic shark.HeapAnalysis retrieve(android.database.sqlite.SQLiteDatabase,long)
leakcanary.internal.activity.db.Io$IoContext:
    public final void setUpdateUi(kotlin.jvm.functions.Function1)
leakcanary.internal.activity.db.Io$VolatileObjectRef:
    public void <init>()
    public synthetic void <init>(java.lang.Object,int,kotlin.jvm.internal.DefaultConstructorMarker)
leakcanary.internal.activity.db.LeakTable:
    public static final java.lang.String create
    public static final java.lang.String createSignatureIndex
    public static final java.lang.String drop
leakcanary.internal.activity.db.LeakTraceTable:
    public static final java.lang.String create
    public static final java.lang.String drop
leakcanary.internal.activity.db.LeaksDbHelper:
    public static final java.lang.String DATABASE_NAME
    public static final int VERSION
leakcanary.internal.activity.screen.HeapDumpRenderer$HasDensity:
    public final float getDensity()
leakcanary.internal.activity.screen.HeapDumpScreen:
    public static final int LEAK_ROW
    public static final int LEAK_TITLE
    public static final int METADATA
leakcanary.internal.activity.screen.LeakTraceWrapper:
    private static final char PERIOD
    private static final char SPACE
    private static final char TILDE
    private static final char ZERO_SPACE_WIDTH